<?xml version="1.0" encoding="UTF-8"?>
<testng-results ignored="0" total="1" passed="1" failed="0" skipped="0">
  <reporter-output>
  </reporter-output>
  <suite started-at="2026-01-02T22:53:35 IST" name="Default suite" finished-at="2026-01-02T22:53:39 IST" duration-ms="4055">
    <groups>
    </groups>
    <test started-at="2026-01-02T22:53:35 IST" name="Default test" finished-at="2026-01-02T22:53:39 IST" duration-ms="4055">
      <class name="demo.ExtentreportDemo2">
        <test-method is-config="true" signature="setupReport()[pri:0, instance:demo.ExtentreportDemo2@4b013c76]" started-at="2026-01-02T22:53:35 IST" name="setupReport" finished-at="2026-01-02T22:53:35 IST" duration-ms="304" status="PASS">
          <reporter-output>
          </reporter-output>
        </test-method> <!-- setupReport -->
        <test-method is-config="true" signature="setupDriver()[pri:0, instance:demo.ExtentreportDemo2@4b013c76]" started-at="2026-01-02T22:53:35 IST" name="setupDriver" finished-at="2026-01-02T22:53:37 IST" duration-ms="2051" status="PASS">
          <reporter-output>
          </reporter-output>
        </test-method> <!-- setupDriver -->
        <test-method signature="LoginTest()[pri:0, instance:demo.ExtentreportDemo2@4b013c76]" started-at="2026-01-02T22:53:37 IST" name="LoginTest" finished-at="2026-01-02T22:53:39 IST" duration-ms="1632" status="PASS">
          <reporter-output>
          </reporter-output>
        </test-method> <!-- LoginTest -->
        <test-method is-config="true" signature="tearDown()[pri:0, instance:demo.ExtentreportDemo2@4b013c76]" started-at="2026-01-02T22:53:39 IST" name="tearDown" finished-at="2026-01-02T22:53:39 IST" duration-ms="299" status="PASS">
          <reporter-output>
          </reporter-output>
        </test-method> <!-- tearDown -->
        <test-method is-config="true" signature="flushReport()[pri:0, instance:demo.ExtentreportDemo2@4b013c76]" started-at="2026-01-02T22:53:39 IST" name="flushReport" finished-at="2026-01-02T22:53:40 IST" duration-ms="539" status="PASS">
          <reporter-output>
          </reporter-output>
        </test-method> <!-- flushReport -->
      </class> <!-- demo.ExtentreportDemo2 -->
    </test> <!-- Default test -->
  </suite> <!-- Default suite -->
</testng-results>
